<?xml version="1.0" encoding="UTF-8" ?>
<testsuite tests="3" failures="3" name="com.testcases.TestCases" time="0.001" errors="0" skipped="0">
  <properties>
[...]
</properties>
  <testcase classname="com.testcases.TestCases" name="com.testcases.TestCases.testAspectRatioDtoToEntity" time="0.001">
    <failure type="java.lang.ExceptionInInitializerError">java.lang.ExceptionInInitializerError
	at com.testcases.TestCases.testAspectRatioDtoToEntity(TestCases.java:23)
Caused by: java.lang.RuntimeException: java.lang.ClassNotFoundException: Cannot find implementation for com.mtvi.endpointprofile.service.mapper.AspectRatioMapper
	at org.mapstruct.factory.Mappers.getMapper(Mappers.java:79)
	at com.mtvi.endpointprofile.service.mapper.AspectRatioMapper.&lt;clinit&gt;(AspectRatioMapper.java:13)
	... 19 more
Caused by: java.lang.ClassNotFoundException: Cannot find implementation for com.mtvi.endpointprofile.service.mapper.AspectRatioMapper
	at org.mapstruct.factory.Mappers.getMapper(Mappers.java:93)
	at org.mapstruct.factory.Mappers.getMapper(Mappers.java:76)
	... 20 more
</failure>
  </testcase>
  <testcase classname="com.testcases.TestCases" name="com.testcases.TestCases.testAspectRatioEntityToDto" time="0">
    <failure message="Could not initialize class com.mtvi.endpointprofile.service.mapper.AspectRatioMapper" type="java.lang.NoClassDefFoundError">java.lang.NoClassDefFoundError: Could not initialize class com.mtvi.endpointprofile.service.mapper.AspectRatioMapper
	at com.testcases.TestCases.testAspectRatioEntityToDto(TestCases.java:37)
</failure>
  </testcase>
  <testcase classname="com.testcases.TestCases" name="com.testcases.TestCases.testCaptionRequirementsDtotoEntity" time="0">
    <failure type="java.lang.ExceptionInInitializerError">java.lang.ExceptionInInitializerError
	at com.testcases.TestCases.testCaptionRequirementsDtotoEntity(TestCases.java:50)
Caused by: java.lang.RuntimeException: java.lang.ClassNotFoundException: Cannot find implementation for com.mtvi.endpointprofile.service.mapper.CaptionRequirementsMapper
	at org.mapstruct.factory.Mappers.getMapper(Mappers.java:79)
	at com.mtvi.endpointprofile.service.mapper.CaptionRequirementsMapper.&lt;clinit&gt;(CaptionRequirementsMapper.java:13)
	... 19 more
Caused by: java.lang.ClassNotFoundException: Cannot find implementation for com.mtvi.endpointprofile.service.mapper.CaptionRequirementsMapper
	at org.mapstruct.factory.Mappers.getMapper(Mappers.java:93)
	at org.mapstruct.factory.Mappers.getMapper(Mappers.java:76)
	... 20 more
</failure>
  </testcase>
</testsuite>